info it worked if it ends with ok
verbose cli [ 'node', '/usr/local/bin/npm', 'view', 'fs' ]
info using npm@1.1.12
info using node@v0.6.14
verbose config file /Users/katehudson/.npmrc
verbose config file /usr/local/etc/npmrc
verbose config file /usr/local/lib/node_modules/npm/npmrc
verbose raw, before any munging fs
verbose url resolving [ 'https://registry.npmjs.org/', './fs' ]
verbose url resolved https://registry.npmjs.org/fs
http GET https://registry.npmjs.org/fs
http 404 https://registry.npmjs.org/fs
silly get cb [ 404,
silly get cb   { server: 'CouchDB/1.2.0 (Erlang OTP/R15B)',
silly get cb     date: 'Mon, 06 Aug 2012 23:20:43 GMT',
silly get cb     'content-type': 'application/json',
silly get cb     'content-length': '52',
silly get cb     'cache-control': 'must-revalidate' } ]
ERR! 404 'fs' is not in the npm registry.
ERR! 404 You should bug the author to publish it
ERR! 404 Note that you can also install from a
ERR! 404 tarball, folder, or http url, or git url.
ERR! 
ERR! System Darwin 12.0.0
ERR! command "node" "/usr/local/bin/npm" "view" "fs"
ERR! cwd /Users/katehudson/github/miniblog
ERR! node -v v0.6.14
ERR! npm -v 1.1.12
ERR! code E404
ERR! message 404 Not Found: fs
ERR! errno {}
verbose exit [ 1, true ]
